<?xml version="1.0" encoding="UTF-8"?>
<testng-results skipped="0" failed="0" ignored="0" total="2" passed="2">
  <reporter-output>
  </reporter-output>
  <suite name="Suite" duration-ms="45976" started-at="2019-09-16T15:45:15Z" finished-at="2019-09-16T15:46:01Z">
    <groups>
    </groups>
    <test name="Test" duration-ms="45976" started-at="2019-09-16T15:45:15Z" finished-at="2019-09-16T15:46:01Z">
      <class name="browser_Launch.ParallelExe">
        <test-method status="PASS" signature="Test_bro2()[pri:0, instance:browser_Launch.ParallelExe@2a5ca609]" name="Test_bro2" duration-ms="26561" started-at="2019-09-16T15:45:15Z" finished-at="2019-09-16T15:45:42Z">
          <reporter-output>
          </reporter-output>
        </test-method> <!-- Test_bro2 -->
        <test-method status="PASS" signature="Test_bro1(java.lang.String)[pri:0, instance:browser_Launch.ParallelExe@2a5ca609]" name="Test_bro1" duration-ms="45922" started-at="2019-09-16T15:45:15Z" finished-at="2019-09-16T15:46:01Z">
          <params>
            <param index="0">
              <value>
                <![CDATA[thejasai.prince@gmail.com]]>
              </value>
            </param>
          </params>
          <reporter-output>
          </reporter-output>
        </test-method> <!-- Test_bro1 -->
      </class> <!-- browser_Launch.ParallelExe -->
    </test> <!-- Test -->
  </suite> <!-- Suite -->
</testng-results>
